Using pre-set license
Built from '2020.3/staging' branch; Version is '2020.3.9f1 (108be757e447) revision 1084391'; Using compiler version '192528614'; Build Type 'Release'
OS: 'Windows 10 Enterprise; OS build 19042.985; Version 2009; 64bit' Language: 'en' Physical Memory: 16308 MB
BatchMode: 1, IsHumanControllingUs: 0, StartBugReporterOnCrash: 0, Is64bit: 1, IsPro: 0

 COMMAND LINE ARGUMENTS:
E:\uniti1\2020.3.9f1\Editor\Unity.exe
-adb2
-batchMode
-noUpm
-name
AssetImportWorker0
-projectPath
C:/Users/German Rusak/Downloads/proekt c#
-logFile
Logs/AssetImportWorker0.log
-srvPort
57928
Successfully changed project path to: C:/Users/German Rusak/Downloads/proekt c#
C:/Users/German Rusak/Downloads/proekt c#
Using Asset Import Pipeline V2.
Refreshing native plugins compatible for Editor in 18.96 ms, found 0 plugins.
Preloading 0 native plugins for Editor in 0.00 ms.
Initialize engine version: 2020.3.9f1 (108be757e447)
[Subsystems] Discovering subsystems at path E:/uniti1/2020.3.9f1/Editor/Data/Resources/UnitySubsystems
[Subsystems] Discovering subsystems at path C:/Users/German Rusak/Downloads/proekt c#/Assets
GfxDevice: creating device client; threaded=0
Direct3D:
    Version:  Direct3D 11.0 [level 11.1]
    Renderer: NVIDIA GeForce RTX 2060 (ID=0x1f08)
    Vendor:   
    VRAM:     5980 MB
    Driver:   27.21.14.6589
Initialize mono
Mono path[0] = 'E:/uniti1/2020.3.9f1/Editor/Data/Managed'
Mono path[1] = 'E:/uniti1/2020.3.9f1/Editor/Data/MonoBleedingEdge/lib/mono/unityjit'
Mono config path = 'E:/uniti1/2020.3.9f1/Editor/Data/MonoBleedingEdge/etc'
Using monoOptions --debugger-agent=transport=dt_socket,embedding=1,server=y,suspend=n,address=127.0.0.1:56348
Begin MonoManager ReloadAssembly
Registering precompiled unity dll's ...
Register platform support module: E:/uniti1/2020.3.9f1/Editor/Data/PlaybackEngines/WebGLSupport/UnityEditor.WebGL.Extensions.dll
Register platform support module: E:/uniti1/2020.3.9f1/Editor/Data/PlaybackEngines/WindowsStandaloneSupport/UnityEditor.WindowsStandalone.Extensions.dll
Registered in 0.001054 seconds.
Native extension for WindowsStandalone target not found
Native extension for WebGL target not found
Refreshing native plugins compatible for Editor in 21.79 ms, found 0 plugins.
Preloading 0 native plugins for Editor in 0.00 ms.
Mono: successfully reloaded assembly
- Completed reload, in  0.785 seconds
Platform modules already initialized, skipping
Registering precompiled user dll's ...
Registered in 0.000614 seconds.
Begin MonoManager ReloadAssembly
Native extension for WindowsStandalone target not found
Native extension for WebGL target not found
Refreshing native plugins compatible for Editor in 0.26 ms, found 0 plugins.
Preloading 0 native plugins for Editor in 0.00 ms.
Mono: successfully reloaded assembly
- Completed reload, in  0.714 seconds
Platform modules already initialized, skipping
========================================================================
Worker process is ready to serve import requests
Launched and connected shader compiler UnityShaderCompiler.exe after 0.04 seconds
Refreshing native plugins compatible for Editor in 0.21 ms, found 0 plugins.
Preloading 0 native plugins for Editor in 0.00 ms.
Unloading 1118 Unused Serialized files (Serialized files now loaded: 0)
System memory in use before: 69.3 MB.
System memory in use after: 69.4 MB.

Unloading 8 unused Assets to reduce memory usage. Loaded Objects now: 1580.
Total: 1.700900 ms (FindLiveObjects: 0.173200 ms CreateObjectMapping: 0.023300 ms MarkObjects: 1.483700 ms  DeleteObjects: 0.019000 ms)

========================================================================
Received Import Request.
  path: Assets/OptionsMenu.cs
  artifactKey: Guid(84699a36383fff749b28faeae40246d5) Importer(815301076,1909f56bfc062723c751e8b465ee728b)
Start importing Assets/OptionsMenu.cs using Guid(84699a36383fff749b28faeae40246d5) Importer(815301076,1909f56bfc062723c751e8b465ee728b)  -> (artifact id: '8cfd7853853a32afacdb6228d9b435eb') in 0.025518 seconds
  Import took 0.027263 seconds .

========================================================================
Received Prepare
Registering precompiled user dll's ...
Registered in 0.000552 seconds.
Begin MonoManager ReloadAssembly
Native extension for WindowsStandalone target not found
Native extension for WebGL target not found
Refreshing native plugins compatible for Editor in 0.21 ms, found 0 plugins.
Preloading 0 native plugins for Editor in 0.00 ms.
Mono: successfully reloaded assembly
- Completed reload, in  0.620 seconds
Platform modules already initialized, skipping
Refreshing native plugins compatible for Editor in 0.22 ms, found 0 plugins.
Preloading 0 native plugins for Editor in 0.00 ms.
Unloading 1112 Unused Serialized files (Serialized files now loaded: 0)
System memory in use before: 69.1 MB.
System memory in use after: 69.2 MB.

Unloading 4 unused Assets to reduce memory usage. Loaded Objects now: 1583.
Total: 1.495400 ms (FindLiveObjects: 0.243600 ms CreateObjectMapping: 0.023900 ms MarkObjects: 1.213900 ms  DeleteObjects: 0.012900 ms)

========================================================================
Received Import Request.
  Time since last request: 1030.256993 seconds.
  path: Assets/C418_-_Key_30921622.mp3
  artifactKey: Guid(342880e8187dc164c9db1957e6041252) Importer(815301076,1909f56bfc062723c751e8b465ee728b)
Start importing Assets/C418_-_Key_30921622.mp3 using Guid(342880e8187dc164c9db1957e6041252) Importer(815301076,1909f56bfc062723c751e8b465ee728b)  -> (artifact id: 'b2671713e89f5eaee8265a936b3bc7e3') in 0.094951 seconds
  Import took 0.097096 seconds .

========================================================================
Received Prepare
Registering precompiled user dll's ...
Registered in 0.000540 seconds.
Begin MonoManager ReloadAssembly
Native extension for WindowsStandalone target not found
Native extension for WebGL target not found
Refreshing native plugins compatible for Editor in 0.21 ms, found 0 plugins.
Preloading 0 native plugins for Editor in 0.00 ms.
Mono: successfully reloaded assembly
- Completed reload, in  0.602 seconds
Platform modules already initialized, skipping
Refreshing native plugins compatible for Editor in 0.24 ms, found 0 plugins.
Preloading 0 native plugins for Editor in 0.00 ms.
Unloading 1112 Unused Serialized files (Serialized files now loaded: 0)
System memory in use before: 72.3 MB.
System memory in use after: 72.4 MB.

Unloading 4 unused Assets to reduce memory usage. Loaded Objects now: 1595.
Total: 1.626400 ms (FindLiveObjects: 0.149600 ms CreateObjectMapping: 0.022600 ms MarkObjects: 1.439500 ms  DeleteObjects: 0.013300 ms)

========================================================================
Received Prepare
Registering precompiled user dll's ...
Registered in 0.000531 seconds.
Begin MonoManager ReloadAssembly
Native extension for WindowsStandalone target not found
Native extension for WebGL target not found
Refreshing native plugins compatible for Editor in 0.24 ms, found 0 plugins.
Preloading 0 native plugins for Editor in 0.00 ms.
Mono: successfully reloaded assembly
- Completed reload, in  0.647 seconds
Platform modules already initialized, skipping
Refreshing native plugins compatible for Editor in 0.22 ms, found 0 plugins.
Preloading 0 native plugins for Editor in 0.00 ms.
Unloading 1112 Unused Serialized files (Serialized files now loaded: 0)
System memory in use before: 72.3 MB.
System memory in use after: 72.4 MB.

Unloading 4 unused Assets to reduce memory usage. Loaded Objects now: 1598.
Total: 1.744900 ms (FindLiveObjects: 0.175500 ms CreateObjectMapping: 0.026400 ms MarkObjects: 1.528400 ms  DeleteObjects: 0.012900 ms)

========================================================================
Received Prepare
Registering precompiled user dll's ...
Registered in 0.000601 seconds.
Begin MonoManager ReloadAssembly
Native extension for WindowsStandalone target not found
Native extension for WebGL target not found
Refreshing native plugins compatible for Editor in 0.29 ms, found 0 plugins.
Preloading 0 native plugins for Editor in 0.00 ms.
Mono: successfully reloaded assembly
- Completed reload, in  0.714 seconds
Platform modules already initialized, skipping
Refreshing native plugins compatible for Editor in 0.24 ms, found 0 plugins.
Preloading 0 native plugins for Editor in 0.00 ms.
Unloading 1112 Unused Serialized files (Serialized files now loaded: 0)
System memory in use before: 72.3 MB.
System memory in use after: 72.4 MB.

Unloading 4 unused Assets to reduce memory usage. Loaded Objects now: 1601.
Total: 1.612700 ms (FindLiveObjects: 0.169800 ms CreateObjectMapping: 0.026100 ms MarkObjects: 1.400800 ms  DeleteObjects: 0.014700 ms)

========================================================================
Received Import Request.
  Time since last request: 571.063512 seconds.
  path: Assets/MusicData.cs
  artifactKey: Guid(da5403d08457f80489168e081243032f) Importer(815301076,1909f56bfc062723c751e8b465ee728b)
Start importing Assets/MusicData.cs using Guid(da5403d08457f80489168e081243032f) Importer(815301076,1909f56bfc062723c751e8b465ee728b)  -> (artifact id: '1e6955831cbebead71beba8baf64b7a6') in 0.010231 seconds
  Import took 0.012510 seconds .

========================================================================
Received Prepare
Registering precompiled user dll's ...
Registered in 0.000711 seconds.
Begin MonoManager ReloadAssembly
Native extension for WindowsStandalone target not found
Native extension for WebGL target not found
Refreshing native plugins compatible for Editor in 0.25 ms, found 0 plugins.
Preloading 0 native plugins for Editor in 0.00 ms.
Mono: successfully reloaded assembly
- Completed reload, in  0.778 seconds
Platform modules already initialized, skipping
Refreshing native plugins compatible for Editor in 0.27 ms, found 0 plugins.
Preloading 0 native plugins for Editor in 0.00 ms.
Unloading 1113 Unused Serialized files (Serialized files now loaded: 0)
System memory in use before: 72.4 MB.
System memory in use after: 72.5 MB.

Unloading 4 unused Assets to reduce memory usage. Loaded Objects now: 1605.
Total: 2.361100 ms (FindLiveObjects: 0.212500 ms CreateObjectMapping: 0.043000 ms MarkObjects: 2.088600 ms  DeleteObjects: 0.013900 ms)

========================================================================
Received Import Request.
  Time since last request: 43.653303 seconds.
  path: Assets/OptionsMenu.cs
  artifactKey: Guid(84699a36383fff749b28faeae40246d5) Importer(815301076,1909f56bfc062723c751e8b465ee728b)
Start importing Assets/OptionsMenu.cs using Guid(84699a36383fff749b28faeae40246d5) Importer(815301076,1909f56bfc062723c751e8b465ee728b)  -> (artifact id: '2a4ccd89dd72a2ce2273de214a4356c9') in 0.006813 seconds
  Import took 0.009562 seconds .

========================================================================
Received Import Request.
  Time since last request: 0.000887 seconds.
  path: Assets/OptionsMenu.cs
  artifactKey: Guid(84699a36383fff749b28faeae40246d5) Importer(815301076,1909f56bfc062723c751e8b465ee728b)
Start importing Assets/OptionsMenu.cs using Guid(84699a36383fff749b28faeae40246d5) Importer(815301076,1909f56bfc062723c751e8b465ee728b)  -> (artifact id: '2a4ccd89dd72a2ce2273de214a4356c9') in 0.002329 seconds
  Import took 0.004194 seconds .

========================================================================
Received Prepare
Registering precompiled user dll's ...
Registered in 0.000644 seconds.
Begin MonoManager ReloadAssembly
Native extension for WindowsStandalone target not found
Native extension for WebGL target not found
Refreshing native plugins compatible for Editor in 0.23 ms, found 0 plugins.
Preloading 0 native plugins for Editor in 0.00 ms.
Mono: successfully reloaded assembly
- Completed reload, in  0.651 seconds
Platform modules already initialized, skipping
Refreshing native plugins compatible for Editor in 0.23 ms, found 0 plugins.
Preloading 0 native plugins for Editor in 0.00 ms.
Unloading 1113 Unused Serialized files (Serialized files now loaded: 0)
System memory in use before: 72.4 MB.
System memory in use after: 72.5 MB.

Unloading 4 unused Assets to reduce memory usage. Loaded Objects now: 1608.
Total: 1.603800 ms (FindLiveObjects: 0.217900 ms CreateObjectMapping: 0.024600 ms MarkObjects: 1.348100 ms  DeleteObjects: 0.012000 ms)

========================================================================
Received Import Request.
  Time since last request: 131.773191 seconds.
  path: Assets/OptionsMenu.cs
  artifactKey: Guid(84699a36383fff749b28faeae40246d5) Importer(815301076,1909f56bfc062723c751e8b465ee728b)
Start importing Assets/OptionsMenu.cs using Guid(84699a36383fff749b28faeae40246d5) Importer(815301076,1909f56bfc062723c751e8b465ee728b)  -> (artifact id: '88d5eea389179b89342cca1f95393f6b') in 0.007557 seconds
  Import took 0.009493 seconds .

========================================================================
Received Import Request.
  Time since last request: 10.990213 seconds.
  path: Assets/MusicData.cs
  artifactKey: Guid(da5403d08457f80489168e081243032f) Importer(815301076,1909f56bfc062723c751e8b465ee728b)
Start importing Assets/MusicData.cs using Guid(da5403d08457f80489168e081243032f) Importer(815301076,1909f56bfc062723c751e8b465ee728b)  -> (artifact id: '8293b071dec58d8e11c61f43f74821db') in 0.002174 seconds
  Import took 0.004192 seconds .

========================================================================
Received Import Request.
  Time since last request: 0.000494 seconds.
  path: Assets/MusicData.cs
  artifactKey: Guid(da5403d08457f80489168e081243032f) Importer(815301076,1909f56bfc062723c751e8b465ee728b)
Start importing Assets/MusicData.cs using Guid(da5403d08457f80489168e081243032f) Importer(815301076,1909f56bfc062723c751e8b465ee728b)  -> (artifact id: '8293b071dec58d8e11c61f43f74821db') in 0.002357 seconds
  Import took 0.004997 seconds .

AssetImportWorkerClient::OnTransportError - code=2 error=End of file
